[    0.000000] Initializing cgroup subsys cpuset
[    0.000000] Initializing cgroup subsys cpu
[    0.000000] Initializing cgroup subsys cpuacct
[    0.000000] Linux version 4.4.0-109-generic (buildd@lgw01-amd64-038) (gcc version 5.4.0 20160609 (Ubuntu 5.4.0-6ubuntu1~16.04.5) ) #132-Ubuntu SMP Tue Jan 9 19:52:39 UTC 2018 (Ubuntu 4.4.0-109.132-generic 4.4.98)
[    0.000000] Command line: BOOT_IMAGE=/boot/vmlinuz-4.4.0-109-generic root=UUID=743b1402-d445-494c-af0b-749040bb33e4 ro console=tty1 console=ttyS0
[    0.000000] KERNEL supported cpus:
[    0.000000]   Intel GenuineIntel
[    0.000000]   AMD AuthenticAMD
[    0.000000]   Centaur CentaurHauls
[    0.000000] x86/fpu: xstate_offset[2]:  576, xstate_sizes[2]:  256
[    0.000000] x86/fpu: Supporting XSAVE feature 0x01: 'x87 floating point registers'
[    0.000000] x86/fpu: Supporting XSAVE feature 0x02: 'SSE registers'
[    0.000000] x86/fpu: Supporting XSAVE feature 0x04: 'AVX registers'
[    0.000000] x86/fpu: Enabled xstate features 0x7, context size is 832 bytes, using 'standard' format.
[    0.000000] x86/fpu: Using 'lazy' FPU context switches.
[    0.000000] e820: BIOS-provided physical RAM map:
[    0.000000] BIOS-e820: [mem 0x0000000000000000-0x000000000009fbff] usable
[    0.000000] BIOS-e820: [mem 0x000000000009fc00-0x000000000009ffff] reserved
[    0.000000] BIOS-e820: [mem 0x00000000000f0000-0x00000000000fffff] reserved
[    0.000000] BIOS-e820: [mem 0x0000000000100000-0x000000003ffeffff] usable
[    0.000000] BIOS-e820: [mem 0x000000003fff0000-0x000000003fffffff] ACPI data
[    0.000000] BIOS-e820: [mem 0x00000000fec00000-0x00000000fec00fff] reserved
[    0.000000] BIOS-e820: [mem 0x00000000fee00000-0x00000000fee00fff] reserved
[    0.000000] BIOS-e820: [mem 0x00000000fffc0000-0x00000000ffffffff] reserved
[    0.000000] NX (Execute Disable) protection: active
[    0.000000] SMBIOS 2.5 present.
[    0.000000] Hypervisor detected: KVM
[    0.000000] e820: last_pfn = 0x3fff0 max_arch_pfn = 0x400000000
[    0.000000] MTRR: Disabled
[    0.000000] x86/PAT: MTRRs disabled, skipping PAT initialization too.
[    0.000000] CPU MTRRs all blank - virtualized system.
[    0.000000] x86/PAT: Configuration [0-7]: WB  WT  UC- UC  WB  WT  UC- UC  
[    0.000000] found SMP MP-table at [mem 0x0009fff0-0x0009ffff] mapped at [ffff88000009fff0]
[    0.000000] Scanning 1 areas for low memory corruption
[    0.000000] RAMDISK: [mem 0x36232000-0x37110fff]
[    0.000000] ACPI: Early table checksum verification disabled
[    0.000000] ACPI: RSDP 0x00000000000E0000 000024 (v02 VBOX  )
[    0.000000] ACPI: XSDT 0x000000003FFF0030 00003C (v01 VBOX   VBOXXSDT 00000001 ASL  00000061)
[    0.000000] ACPI: FACP 0x000000003FFF00F0 0000F4 (v04 VBOX   VBOXFACP 00000001 ASL  00000061)
[    0.000000] ACPI: DSDT 0x000000003FFF0470 0021FF (v02 VBOX   VBOXBIOS 00000002 INTL 20100528)
[    0.000000] ACPI: FACS 0x000000003FFF0200 000040
[    0.000000] ACPI: FACS 0x000000003FFF0200 000040
[    0.000000] ACPI: APIC 0x000000003FFF0240 00005C (v02 VBOX   VBOXAPIC 00000001 ASL  00000061)
[    0.000000] ACPI: SSDT 0x000000003FFF02A0 0001CC (v01 VBOX   VBOXCPUT 00000002 INTL 20100528)
[    0.000000] No NUMA configuration found
[    0.000000] Faking a node at [mem 0x0000000000000000-0x000000003ffeffff]
[    0.000000] NODE_DATA(0) allocated [mem 0x3ffeb000-0x3ffeffff]
[    0.000000] kvm-clock: Using msrs 4b564d01 and 4b564d00
[    0.000000] kvm-clock: cpu 0, msr 0:3ffe3001, primary cpu clock
[    0.000000] kvm-clock: using sched offset of 3801290042 cycles
[    0.000000] clocksource: kvm-clock: mask: 0xffffffffffffffff max_cycles: 0x1cd42e4dffb, max_idle_ns: 881590591483 ns
[    0.000000] Zone ranges:
[    0.000000]   DMA      [mem 0x0000000000001000-0x0000000000ffffff]
[    0.000000]   DMA32    [mem 0x0000000001000000-0x000000003ffeffff]
[    0.000000]   Normal   empty
[    0.000000]   Device   empty
[    0.000000] Movable zone start for each node
[    0.000000] Early memory node ranges
[    0.000000]   node   0: [mem 0x0000000000001000-0x000000000009efff]
[    0.000000]   node   0: [mem 0x0000000000100000-0x000000003ffeffff]
[    0.000000] Initmem setup node 0 [mem 0x0000000000001000-0x000000003ffeffff]
[    0.000000] ACPI: PM-Timer IO Port: 0x4008
[    0.000000] IOAPIC[0]: apic_id 2, version 32, address 0xfec00000, GSI 0-23
[    0.000000] ACPI: INT_SRC_OVR (bus 0 bus_irq 0 global_irq 2 dfl dfl)
[    0.000000] ACPI: INT_SRC_OVR (bus 0 bus_irq 9 global_irq 9 high level)
[    0.000000] Using ACPI (MADT) for SMP configuration information
[    0.000000] smpboot: Allowing 2 CPUs, 0 hotplug CPUs
[    0.000000] PM: Registered nosave memory: [mem 0x00000000-0x00000fff]
[    0.000000] PM: Registered nosave memory: [mem 0x0009f000-0x0009ffff]
[    0.000000] PM: Registered nosave memory: [mem 0x000a0000-0x000effff]
[    0.000000] PM: Registered nosave memory: [mem 0x000f0000-0x000fffff]
[    0.000000] e820: [mem 0x40000000-0xfebfffff] available for PCI devices
[    0.000000] Booting paravirtualized kernel on KVM
[    0.000000] clocksource: refined-jiffies: mask: 0xffffffff max_cycles: 0xffffffff, max_idle_ns: 7645519600211568 ns
[    0.000000] setup_percpu: NR_CPUS:512 nr_cpumask_bits:512 nr_cpu_ids:2 nr_node_ids:1
[    0.000000] PERCPU: Embedded 34 pages/cpu @ffff88003fc00000 s99544 r8192 d31528 u1048576
[    0.000000] PV qspinlock hash table entries: 256 (order: 0, 4096 bytes)
[    0.000000] Built 1 zonelists in Node order, mobility grouping on.  Total pages: 257913
[    0.000000] Policy zone: DMA32
[    0.000000] Kernel command line: BOOT_IMAGE=/boot/vmlinuz-4.4.0-109-generic root=UUID=743b1402-d445-494c-af0b-749040bb33e4 ro console=tty1 console=ttyS0
[    0.000000] PID hash table entries: 4096 (order: 3, 32768 bytes)
[    0.000000] Memory: 997304K/1048120K available (8485K kernel code, 1308K rwdata, 3988K rodata, 1508K init, 1316K bss, 50816K reserved, 0K cma-reserved)
[    0.000000] SLUB: HWalign=64, Order=0-3, MinObjects=0, CPUs=2, Nodes=1
[    0.000000] Kernel/User page tables isolation: enabled
[    0.000000] Hierarchical RCU implementation.
[    0.000000] 	Build-time adjustment of leaf fanout to 64.
[    0.000000] 	RCU restricting CPUs from NR_CPUS=512 to nr_cpu_ids=2.
[    0.000000] RCU: Adjusting geometry for rcu_fanout_leaf=64, nr_cpu_ids=2
[    0.000000] NR_IRQS:33024 nr_irqs:440 16
[    0.000000] Console: colour VGA+ 80x25
[    0.000000] console [tty1] enabled
[    0.000000] console [ttyS0] enabled
[    0.000000] tsc: Detected 3392.296 MHz processor
[    4.268008] Calibrating delay loop (skipped) preset value.. 6784.59 BogoMIPS (lpj=13569184)
[    4.323356] pid_max: default: 32768 minimum: 301
[    4.324149] ACPI: Core revision 20150930
[    4.325706] ACPI: 2 ACPI AML tables successfully acquired and loaded
[    4.336205] Security Framework initialized
[    4.437394] Yama: becoming mindful.
[    4.520748] AppArmor: AppArmor initialized
[    4.583080] Dentry cache hash table entries: 131072 (order: 8, 1048576 bytes)
[    4.584495] Inode-cache hash table entries: 65536 (order: 7, 524288 bytes)
[    4.611733] Mount-cache hash table entries: 2048 (order: 2, 16384 bytes)
[    4.644542] Mountpoint-cache hash table entries: 2048 (order: 2, 16384 bytes)
[    4.686184] Initializing cgroup subsys io
[    4.742757] Initializing cgroup subsys memory
[    4.791550] Initializing cgroup subsys devices
[    4.864006] Initializing cgroup subsys freezer
[    4.867852] Initializing cgroup subsys net_cls
[    4.912292] Initializing cgroup subsys perf_event
[    4.913057] Initializing cgroup subsys net_prio
[    4.975494] Initializing cgroup subsys hugetlb
[    5.064002] Initializing cgroup subsys pids
[    5.132101] CPU: Physical Processor ID: 0
[    5.213994] CPU: Processor Core ID: 0
[    5.271772] mce: CPU supports 0 MCE banks
[    5.305712] Last level iTLB entries: 4KB 512, 2MB 8, 4MB 8
[    5.372178] Last level dTLB entries: 4KB 512, 2MB 32, 4MB 32, 1GB 0
[    5.449912] Freeing SMP alternatives memory: 32K
[    5.485581] ftrace: allocating 32171 entries in 126 pages
[    5.622133] smpboot: APIC(0) Converting physical 0 to logical package 0
[    5.675772] smpboot: Max logical packages: 1
[    5.692193] x2apic enabled
[    5.734771] Switched APIC routing to physical x2apic.
[    5.769933] ..TIMER: vector=0x30 apic1=0 pin1=2 apic2=-1 pin2=-1
[    5.947324] smpboot: CPU0: Intel(R) Core(TM) i7-3770 CPU @ 3.40GHz (family: 0x6, model: 0x3a, stepping: 0x9)
[    6.017432] Performance Events: unsupported p6 CPU model 58 no PMU driver, software events only.
[    6.075812] KVM setup paravirtual spinlock
[    6.130261] x86: Booting SMP configuration:
[    6.199156] .... node  #0, CPUs:      #1
[    6.212671] kvm-clock: cpu 1, msr 0:3ffe3041, secondary cpu clock
[    6.229653] mce: CPU supports 0 MCE banks
[    6.243064] x86: Booted up 1 node, 2 CPUs
[    6.302772] smpboot: Total of 2 processors activated (13569.18 BogoMIPS)
[    6.361959] devtmpfs: initialized
[    6.400208] evm: security.selinux
[    6.449624] evm: security.SMACK64
[    6.501837] evm: security.SMACK64EXEC
[    6.503686] evm: security.SMACK64TRANSMUTE
[    6.568720] evm: security.SMACK64MMAP
[    6.626776] evm: security.ima
[    6.659671] evm: security.capability
[    6.716940] clocksource: jiffies: mask: 0xffffffff max_cycles: 0xffffffff, max_idle_ns: 7645041785100000 ns
[    6.726654] futex hash table entries: 512 (order: 3, 32768 bytes)
[    6.728492] pinctrl core: initialized pinctrl subsystem
[    6.755669] RTC time:  0:09:44, date: 01/18/18
[    6.805527] NET: Registered protocol family 16
[    6.884423] cpuidle: using governor ladder
[    6.948391] cpuidle: using governor menu
[    6.998327] PCCT header not found.
[    6.999007] ACPI: bus type PCI registered
[    6.999709] acpiphp: ACPI Hot Plug PCI Controller Driver version: 0.5
[    7.099984] PCI: Using configuration type 1 for base access
[    7.120499] ACPI: Added _OSI(Module Device)
[    7.179831] ACPI: Added _OSI(Processor Device)
[    7.205505] ACPI: Added _OSI(3.0 _SCP Extensions)
[    7.208204] ACPI: Added _OSI(Processor Aggregator Device)
[    7.274385] ACPI: Executed 1 blocks of module-level executable AML code
[    7.321708] ACPI: Interpreter enabled
[    7.379862] ACPI: (supports S0 S5)
[    7.447289] ACPI: Using IOAPIC for interrupt routing
[    7.480106] PCI: Using host bridge windows from ACPI; if necessary, use "pci=nocrs" and report a bug
[    7.513113] ACPI: PCI Root Bridge [PCI0] (domain 0000 [bus 00-ff])
[    7.529818] acpi PNP0A03:00: _OSC: OS supports [ASPM ClockPM Segments MSI]
[    7.556287] acpi PNP0A03:00: _OSC: not requesting OS control; OS requires [ExtendedConfig ASPM ClockPM MSI]
[    7.576270] acpi PNP0A03:00: fail to add MMCONFIG information, can't access extended PCI configuration space under this bridge.
[    7.606953] PCI host bridge to bus 0000:00
[    7.609134] pci_bus 0000:00: root bus resource [io  0x0000-0x0cf7 window]
[    7.621909] pci_bus 0000:00: root bus resource [io  0x0d00-0xffff window]
[    7.663385] pci_bus 0000:00: root bus resource [mem 0x000a0000-0x000bffff window]
[    7.664666] pci_bus 0000:00: root bus resource [mem 0x40000000-0xffdfffff window]
[    7.713885] pci_bus 0000:00: root bus resource [bus 00-ff]
[    7.717346] pci 0000:00:01.1: legacy IDE quirk: reg 0x10: [io  0x01f0-0x01f7]
[    7.779809] pci 0000:00:01.1: legacy IDE quirk: reg 0x14: [io  0x03f6]
[    7.816339] pci 0000:00:01.1: legacy IDE quirk: reg 0x18: [io  0x0170-0x0177]
[    7.848386] pci 0000:00:01.1: legacy IDE quirk: reg 0x1c: [io  0x0376]
[    7.875217] pci 0000:00:07.0: quirk: [io  0x4000-0x403f] claimed by PIIX4 ACPI
[    7.908670] pci 0000:00:07.0: quirk: [io  0x4100-0x410f] claimed by PIIX4 SMB
[    7.936453] ACPI: PCI Interrupt Link [LNKA] (IRQs 5 9 10 *11)
[    7.971672] ACPI: PCI Interrupt Link [LNKB] (IRQs 5 9 10 *11)
[    8.045942] ACPI: PCI Interrupt Link [LNKC] (IRQs 5 9 *10 11)
[    8.119952] ACPI: PCI Interrupt Link [LNKD] (IRQs 5 *9 10 11)
[    8.129206] ACPI: Enabled 2 GPEs in block 00 to 07
[    8.130269] vgaarb: setting as boot device: PCI:0000:00:02.0
[    8.131175] vgaarb: device added: PCI:0000:00:02.0,decodes=io+mem,owns=io+mem,locks=none
[    8.208355] vgaarb: loaded
[    8.209158] vgaarb: bridge control possible 0000:00:02.0
[    8.210431] SCSI subsystem initialized
[    8.254499] ACPI: bus type USB registered
[    8.313015] usbcore: registered new interface driver usbfs
[    8.316415] usbcore: registered new interface driver hub
[    8.361437] usbcore: registered new device driver usb
[    8.364332] PCI: Using ACPI for IRQ routing
[    8.385871] NetLabel: Initializing
[    8.427917] NetLabel:  domain hash size = 128
[    8.515390] NetLabel:  protocols = UNLABELED CIPSOv4
[    8.595827] NetLabel:  unlabeled traffic allowed by default
[    8.721130] amd_nb: Cannot enumerate AMD northbridges
[    8.778826] clocksource: Switched to clocksource kvm-clock
[    8.873417] AppArmor: AppArmor Filesystem Enabled
[    8.981648] pnp: PnP ACPI init
[    8.985899] pnp: PnP ACPI: found 3 devices
[    9.056950] clocksource: acpi_pm: mask: 0xffffff max_cycles: 0xffffff, max_idle_ns: 2085701024 ns
[    9.064584] NET: Registered protocol family 2
[    9.191704] TCP established hash table entries: 8192 (order: 4, 65536 bytes)
[    9.195753] TCP bind hash table entries: 8192 (order: 5, 131072 bytes)
[    9.278764] TCP: Hash tables configured (established 8192 bind 8192)
[    9.328716] UDP hash table entries: 512 (order: 2, 16384 bytes)
[    9.346090] UDP-Lite hash table entries: 512 (order: 2, 16384 bytes)
[    9.428863] NET: Registered protocol family 1
[    9.518587] pci 0000:00:00.0: Limiting direct PCI/PCI transfers
[    9.594536] pci 0000:00:01.0: Activating ISA DMA hang workarounds
[    9.716288] Unpacking initramfs...
[    9.970826] Freeing initrd memory: 15228K
[   10.017195] RAPL PMU detected, API unit is 2^-32 Joules, 3 fixed counters 10737418240 ms ovfl timer
[   10.026578] hw unit of domain pp0-core 2^-0 Joules
[   10.027853] hw unit of domain package 2^-0 Joules
[   10.045931] hw unit of domain pp1-gpu 2^-0 Joules
[   10.052067] platform rtc_cmos: registered platform RTC device (no PNP device found)
[   10.127665] Scanning for low memory corruption every 60 seconds
[   10.187312] audit: initializing netlink subsys (disabled)
[   10.197564] audit: type=2000 audit(1516234185.344:1): initialized
[   10.245052] Initialise system trusted keyring
[   10.252178] HugeTLB registered 2 MB page size, pre-allocated 0 pages
[   10.288886] zbud: loaded
[   10.309356] VFS: Disk quotas dquot_6.6.0
[   10.311148] VFS: Dquot-cache hash table entries: 512 (order 0, 4096 bytes)
[   10.316583] squashfs: version 4.0 (2009/01/31) Phillip Lougher
[   10.336716] fuse init (API version 7.23)
[   10.372454] Key type big_key registered
[   10.376009] Allocating IMA MOK and blacklist keyrings.
[   10.377607] Key type asymmetric registered
[   10.396869] Asymmetric key parser 'x509' registered
[   10.397697] Block layer SCSI generic (bsg) driver version 0.4 loaded (major 249)
[   10.417875] io scheduler noop registered
[   10.426273] io scheduler deadline registered (default)
[   10.433897] io scheduler cfq registered
[   10.449487] pci_hotplug: PCI Hot Plug PCI Core version: 0.5
[   10.521350] pciehp: PCI Express Hot Plug Controller Driver version: 0.4
[   10.562201] ACPI: AC Adapter [AC] (on-line)
[   10.574625] input: Power Button as /devices/LNXSYSTM:00/LNXPWRBN:00/input/input0
[   10.580035] ACPI: Power Button [PWRF]
[   10.589443] input: Sleep Button as /devices/LNXSYSTM:00/LNXSLPBN:00/input/input1
[   10.619933] ACPI: Sleep Button [SLPF]
[   10.632656] GHES: HEST is not enabled!
[   10.660193] Serial: 8250/16550 driver, 32 ports, IRQ sharing enabled
[   10.716853] 00:02: ttyS0 at I/O 0x3f8 (irq = 4, base_baud = 115200) is a 16550A
[   10.746919] Linux agpgart interface v0.103
[   10.777355] loop: module loaded
[   10.825497] scsi host0: ata_piix
[   10.845876] scsi host1: ata_piix
[   10.849361] ata1: PATA max UDMA/33 cmd 0x1f0 ctl 0x3f6 bmdma 0xd000 irq 14
[   10.895594] ata2: PATA max UDMA/33 cmd 0x170 ctl 0x376 bmdma 0xd008 irq 15
[   10.931924] libphy: Fixed MDIO Bus: probed
[   10.945745] tun: Universal TUN/TAP device driver, 1.6
[   10.965046] tun: (C) 1999-2004 Max Krasnyansky <maxk@qualcomm.com>
[   10.974343] PPP generic driver version 2.4.2
[   10.982645] ehci_hcd: USB 2.0 'Enhanced' Host Controller (EHCI) Driver
[   10.995942] ehci-pci: EHCI PCI platform driver
[   11.029144] ehci-platform: EHCI generic platform driver
[   11.048323] ohci_hcd: USB 1.1 'Open' Host Controller (OHCI) Driver
[   11.088123] tsc: Refined TSC clocksource calibration: 3394.195 MHz
[   11.091629] ohci-pci: OHCI PCI platform driver
[   11.091656] ohci-platform: OHCI generic platform driver
[   11.091669] uhci_hcd: USB Universal Host Controller Interface driver
[   11.091743] i8042: PNP: PS/2 Controller [PNP0303:PS2K,PNP0f03:PS2M] at 0x60,0x64 irq 1,12
[   11.092307] serio: i8042 KBD port at 0x60,0x64 irq 1
[   11.092313] serio: i8042 AUX port at 0x60,0x64 irq 12
[   11.098228] mousedev: PS/2 mouse device common for all mice
[   11.098522] input: AT Translated Set 2 keyboard as /devices/platform/i8042/serio0/input/input2
[   11.098837] rtc_cmos rtc_cmos: rtc core: registered rtc_cmos as rtc0
[   11.098923] rtc_cmos rtc_cmos: alarms up to one day, 114 bytes nvram
[   11.098928] i2c /dev entries driver
[   11.098971] device-mapper: uevent: version 1.0.3
[   11.099018] device-mapper: ioctl: 4.34.0-ioctl (2015-10-28) initialised: dm-devel@redhat.com
[   11.099032] ledtrig-cpu: registered to indicate activity on CPUs
[   11.099255] NET: Registered protocol family 10
[   11.099368] NET: Registered protocol family 17
[   11.099376] Key type dns_resolver registered
[   11.099513] microcode: CPU0 sig=0x306a9, pf=0x2, revision=0x19
[   11.103241] microcode: CPU1 sig=0x306a9, pf=0x2, revision=0x19
[   11.103276] microcode: Microcode Update Driver: v2.01 <tigran@aivazian.fsnet.co.uk>, Peter Oruba
[   11.103374] registered taskstats version 1
[   11.103400] Loading compiled-in X.509 certificates
[   11.103984] Loaded X.509 cert 'Build time autogenerated kernel key: 96e61bd247bb6c4e82ca419795a98fcb171b0e99'
[   11.103998] zswap: loaded using pool lzo/zbud
[   11.105527] Key type trusted registered
[   11.108193] Key type encrypted registered
[   11.108198] AppArmor: AppArmor sha1 policy hashing enabled
[   11.108201] ima: No TPM chip found, activating TPM-bypass!
[   11.108215] evm: HMAC attrs: 0x1
[   11.108453]   Magic number: 2:932:152
[   11.115758] rtc_cmos rtc_cmos: setting system clock to 2018-01-18 00:09:48 UTC (1516234188)
[   11.115833] BIOS EDD facility v0.16 2004-Jun-25, 0 devices found
[   11.115833] EDD information not available.
[   11.403339] clocksource: tsc: mask: 0xffffffffffffffff max_cycles: 0x30ece2c3024, max_idle_ns: 440795319476 ns
[   11.538762] Freeing unused kernel memory: 1508K
[   11.636394] Write protecting the kernel read-only data: 14336k
[   11.658767] Freeing unused kernel memory: 1744K
[   11.765163] Freeing unused kernel memory: 108K
Loading, please wait...
startin[   11.817833] random: systemd-udevd: uninitialized urandom read (16 bytes read, 3 bits of entropy available)
g version 229
[   11.818138] random: udevadm: uninitialized urandom read (16 bytes read, 3 bits of entropy available)
[   11.818159] random: udevadm: uninitialized urandom read (16 bytes read, 3 bits of entropy available)
[   11.826710] random: udevadm: uninitialized urandom read (16 bytes read, 3 bits of entropy available)
[   11.826747] random: udevadm: uninitialized urandom read (16 bytes read, 3 bits of entropy available)
[   11.826878] random: udevadm: uninitialized urandom read (16 bytes read, 3 bits of entropy available)
[   11.826930] random: udevadm: uninitialized urandom read (16 bytes read, 3 bits of entropy available)
[   11.827010] random: udevadm: uninitialized urandom read (16 bytes read, 3 bits of entropy available)
[   11.827063] random: udevadm: uninitialized urandom read (16 bytes read, 3 bits of entropy available)
[   11.827117] random: udevadm: uninitialized urandom read (16 bytes read, 3 bits of entropy available)
[   12.604952] e1000: Intel(R) PRO/1000 Network Driver - version 7.3.21-k8-NAPI
[   12.643289] e1000: Copyright (c) 1999-2006 Intel Corporation.
[   12.671520] Fusion MPT base driver 3.04.20
[   12.679778] Copyright (c) 1999-2008 LSI Corporation
[   12.689973] AVX version of gcm_enc/dec engaged.
[   12.710499] AES CTR mode by8 optimization enabled
[   12.781174] Fusion MPT SPI Host driver 3.04.20
[   12.893636] input: ImExPS/2 Generic Explorer Mouse as /devices/platform/i8042/serio1/input/input4
[   13.130985] e1000 0000:00:03.0 eth0: (PCI:33MHz:32-bit) 02:63:8e:2c:ef:cd
[   13.170459] e1000 0000:00:03.0 eth0: Intel(R) PRO/1000 Network Connection
[   13.189093] e1000 0000:00:03.0 enp0s3: renamed from eth0
[   13.197212] mptbase: ioc0: Initiating bringup
[   13.298879] ioc0: LSI53C1030 A0: Capabilities={Initiator}
[   13.484240] scsi host2: ioc0: LSI53C1030 A0, FwRev=00000000h, Ports=1, MaxQ=256, IRQ=20
[   13.742601] scsi 2:0:0:0: Direct-Access     VBOX     HARDDISK         1.0  PQ: 0 ANSI: 5
[   13.872748] scsi target2:0:0: Beginning Domain Validation
[   13.995192] scsi target2:0:0: Domain Validation skipping write tests
[   14.067547] scsi target2:0:0: Ending Domain Validation
[   14.192823] scsi target2:0:0: asynchronous
[   14.289016] scsi 2:0:1:0: Direct-Access     VBOX     HARDDISK         1.0  PQ: 0 ANSI: 5
[   14.500062] scsi target2:0:1: Beginning Domain Validation
[   14.602806] scsi target2:0:1: Domain Validation skipping write tests
[   14.603798] scsi target2:0:1: Ending Domain Validation
[   14.604665] scsi target2:0:1: asynchronous
[   14.612211] sd 2:0:0:0: [sda] 20971520 512-byte logical blocks: (10.7 GB/10.0 GiB)
[   14.659635] sd 2:0:0:0: Attached scsi generic sg0 type 0
[   14.659725] sd 2:0:0:0: [sda] Write Protect is off
[   14.659858] sd 2:0:0:0: [sda] Incomplete mode parameter data
[   14.659859] sd 2:0:0:0: [sda] Assuming drive cache: write through
[   14.696269]  sda: sda1
[   14.696844] sd 2:0:0:0: [sda] Attached SCSI disk
[   14.757997] sd 2:0:1:0: [sdb] 20480 512-byte logical blocks: (10.5 MB/10.0 MiB)
[   14.773050] sd 2:0:1:0: Attached scsi generic sg1 type 0
[   14.775797] sd 2:0:1:0: [sdb] Write Protect is off
[   14.789184] sd 2:0:1:0: [sdb] Incomplete mode parameter data
[   14.796317] sd 2:0:1:0: [sdb] Assuming drive cache: write through
[   14.926231] sd 2:0:1:0: [sdb] Attached SCSI disk
[   15.667184] floppy0: no floppy controllers found
Begin: Loading e[   17.080210] md: linear personality registered for level -1
ssential drivers[   17.098297] md: multipath personality registered for level -4
 ... [   17.126498] md: raid0 personality registered for level 0
[   17.169796] md: raid1 personality registered for level 1
[   17.255191] raid6: sse2x1   gen()  7749 MB/s
[   17.342963] raid6: sse2x1   xor()  7221 MB/s
[   17.415215] raid6: sse2x2   gen() 10493 MB/s
[   17.515226] raid6: sse2x2   xor()  7208 MB/s
[   17.623238] raid6: sse2x4   gen() 11092 MB/s
[   17.719283] raid6: sse2x4   xor()  9274 MB/s
[   17.774859] raid6: using algorithm sse2x4 gen() 11092 MB/s
[   17.825604] raid6: .... xor() 9274 MB/s, rmw enabled
[   17.865325] raid6: using ssse3x2 recovery algorithm
[   17.868082] xor: automatically using best checksumming function:
[   17.983292]    avx       : 17211.000 MB/sec
[   18.014975] async_tx: api initialized (async)
[   18.062488] md: raid6 personality registered for level 6
[   18.102669] md: raid5 personality registered for level 5
[   18.125277] md: raid4 personality registered for level 4
[   18.142195] md: raid10 personality registered for level 10
done.
Begin: Running /scripts/init-pre[   18.196575] Btrfs loaded
mount ... done.
Begin: Mounting root file system ... Begin: Running /scripts/local-top ... done.
Begin: Running /scripts/local-premount ... Sc[   18.312484] EXT4-fs (sda1): INFO: recovery required on readonly filesystem
anning for Btrfs[   18.426543] EXT4-fs (sda1): write access will be enabled during recovery
 filesystems
done.
Warning: fsck not present, so skipping root file system
[   18.721242] EXT4-fs (sda1): recovery complete
[   18.756864] EXT4-fs (sda1): mounted filesystem with ordered data mode. Opts: (null)
done.
Begin: Running /scripts/local-bottom ... done.
Begin: Running /scripts/init-bot[   19.316126] random: nonblocking pool is initialized
tom ... done.
[   20.538947] systemd[1]: systemd 229 running in system mode. (+PAM +AUDIT +SELINUX +IMA +APPARMOR +SMACK +SYSVINIT +UTMP +LIBCRYPTSETUP +GCRYPT +GNUTLS +ACL +XZ -LZ4 +SECCOMP +BLKID +ELFUTILS +KMOD -IDN)
[   20.768298] systemd[1]: Detected virtualization oracle.
[   20.834516] systemd[1]: Detected architecture x86-64.

Welcome to [1mUbuntu 16.04.3 LTS[0m!

[   20.966666] systemd[1]: Set hostname to <ubuntu-xenial>.
[   21.802824] systemd[1]: Created slice User and Session Slice.
[[0;32m  OK  [0m] Created slice User and Session Slice.
[   21.855140] systemd[1]: Listening on udev Kernel Socket.
[[0;32m  OK  [0m] Listening on udev Kernel Socket.
[   21.931566] systemd[1]: Reached target Encrypted Volumes.
[[0;32m  OK  [0m] Reached target Encrypted Volumes.
[   21.969351] systemd[1]: Listening on Journal Socket (/dev/log).
[[0;32m  OK  [0m] Listening on Journal Socket (/dev/log).
[   22.052553] systemd[1]: Started Forward Password Requests to Wall Directory Watch.
[[0;32m  OK  [0m] Started Forward Password Requests to Wall Directory Watch.
[   22.263103] systemd[1]: Listening on Journal Audit Socket.
[[0;32m  OK  [0m] Listening on Journal Audit Socket.
[   22.344743] systemd[1]: Listening on Journal Socket.
[[0;32m  OK  [0m] Listening on Journal Socket.
[   22.487729] systemd[1]: Listening on udev Control Socket.
[[0;32m  OK  [0m] Listening on udev Control Socket.
[   22.559112] systemd[1]: Listening on Device-mapper event daemon FIFOs.
[[0;32m  OK  [0m] Listening on Device-mapper event daemon FIFOs.
[   22.731243] systemd[1]: Listening on /dev/initctl Compatibility Named Pipe.
[[0;32m  OK  [0m] Listening on /dev/initctl Compatibility Named Pipe.
[   22.955205] systemd[1]: Listening on LVM2 poll daemon socket.
[[0;32m  OK  [0m] Listening on LVM2 poll daemon socket.
[   23.083282] systemd[1]: Listening on LVM2 metadata daemon socket.
[[0;32m  OK  [0m] Listening on LVM2 metadata daemon socket.
[   23.287496] systemd[1]: Listening on Syslog Socket.
[[0;32m  OK  [0m] Listening on Syslog Socket.
[   23.371312] systemd[1]: Set up automount Arbitrary Executable File Formats File System Automount Point.
[[0;32m  OK  [0m] Set up automount Arbitrary Executab...ats File System Automount Point.
[   23.527161] systemd[1]: Reached target Swap.
[[0;32m  OK  [0m] Reached target Swap.
[   23.659441] systemd[1]: Created slice System Slice.
[[0;32m  OK  [0m] Created slice System Slice.
[   23.827122] systemd[1]: Mounting Huge Pages File System...
         Mounting Huge Pages File System...
[   23.895073] systemd[1]: Starting Create list of required static device nodes for the current kernel...
         Starting Create list of required st... nodes for the current kernel...
[   24.011157] systemd[1]: Starting Monitoring of LVM2 mirrors, snapshots etc. using dmeventd or progress polling...
         Starting Monitoring of LVM2 mirrors... dmeventd or progress polling...
[   24.107212] systemd[1]: Reached target Slices.
[[0;32m  OK  [0m] Reached target Slices.
[   24.171581] systemd[1]: Created slice system-serial\x2dgetty.slice.
[[0;32m  OK  [0m] Created slice system-serial\x2dgetty.slice.
[   24.255298] systemd[1]: Starting Remount Root and Kernel File Systems...
         Starting Remount[   24.299806] EXT4-fs (sda1): re-mounted. Opts: (null)
 Root and Kernel File Systems...
[   24.387181] systemd[1]: Mounting POSIX Message Queue File System...
         Mounting POSIX Message Queue File System...
[   24.498639] systemd[1]: Starting Journal Service...
         Starting Journal Service...
[   24.671360] systemd[1]: Starting Load Kernel Modules...
         Starting Load Kernel Modules...
[   24.735255] systemd[1]: Starting Nameserver information manager...
         Starting Nameserver information manager...
[   24.787347] systemd[1]: Started Trigger resolvconf update for networkd DNS.
[[0;32m  OK  [0m] Started Trigger resolvconf update for networkd DNS.
[   24.855317] systemd[1]: Reached target User and Group Name Lookups.
[[0;32m  OK  [0m] Reached target User and Group Name Lookups.
[   24.995346] systemd[1]: Starting Uncomplicated firewall...
[   25.065615] Loading iSCSI transport class v2.0-870.
         Starting Uncomplicated firewall...
[   25.255317] systemd[1]: Mounting Debug File System...
         Mountin[   25.304717] iscsi: registered transport (tcp)
g Debug File System...
[   25.424077] systemd[1]: Starting Set console keymap...
         Starting Set console keymap...
[   25.524130] systemd[1]: Mounted POSIX Message Queue File System.
[[0;32m  OK  [0m] Mounted POSIX Message Queue File System.
[   25.588692] systemd[1]: Mounted Debug File System.
[[0;32m  OK  [[   25.616862] iscsi: registered transport (iser)
0m] Mounted Debug File System.
[   25.647007] systemd[1]: Mounted Huge Pages File System.
[[0;32m  OK  [0m] Mounted Huge Pages File System.
[   25.747603] systemd[1]: Started Journal Service.
[[0;32m  OK  [0m] Started Journal Service.
[[0;32m  OK  [0m] Started Create list of required sta...ce nodes for the current kernel.
[[0;32m  OK  [0m] Started Remount Root and Kernel File Systems.
[[0;32m  OK  [0m] Started Load Kernel Modules.
[[0;32m  OK  [0m] Started Uncomplicated firewall.
[[0;32m  OK  [0m] Started Set console keymap.
[[0;32m  OK  [0m] Started Nameserver information manager.
[[0;32m  OK  [0m] Started LVM2 metadata daemon.
         Starting Apply Kernel Variables...
         Mounting FUSE Control File System...
         Starting Load/Save Random Seed...
         Starting Initial cloud-init job (pre-networking)...
         Starting udev Coldplug all Devices...
         Starting Create Static Device Nodes in /dev...
         Starting Flush Journal to Persistent Storage...
[[0;32m  OK  [0m] Mounted FUSE Control File System.
[[0;32m  OK  [0m] Started Monitoring of LVM2 mirrors,...ng dmeventd or progress polling.
[[0;32m  OK  [0m] Started Apply Kernel Variables.
[[0;32m  OK  [0m] Started Load/Save Random Seed.
[[0;32m  OK  [0m] Started Create Static Device Nodes in /dev.
[[0;32m  OK  [0m] Started udev Coldplug all Devices.
         Starting udev Kernel Device Manager...
[[0;32m  OK  [0m] Started Flush Journal to Persistent Storage.
[[0;32m  OK  [0m] Started udev Kernel Device Manager.
[[0;32m  OK  [0m] Reached target Local File Systems (Pre).
[[0;32m  OK  [0m] Reached target Local File Systems.
         Starting Create Volatile Files and Directories...
         Starting LSB: AppArmor initialization...
         Starting Set console font and keymap...
         Starting Tell Plymouth To Write Out Runtime Data...
[[0;32m  OK  [0m] Started Dispatch Password Requests to Console Directory Watch.
[[0;32m  OK  [0m] Started Create Volatile Files and Directories.
[[0;32m  OK  [0m] Found device /dev/ttyS0.
[[0;32m  OK  [0m] Started Tell Plymouth To Write Out Runtime Data.
[[0;32m  OK  [0m] Reached target System Time Synchronized.
         Starting Update UTMP about System Boot/Shutdown...
[[0;32m  OK  [0m] Found device 82540EM Gigabit Ethern...r (PRO/1000 MT Desktop Adapter).
[[0;32m  OK  [0m] Started Set console font and keymap.
[[0;32m  OK  [0m] Created slice system-getty.slice.
[[0;32m  OK  [0m] Started Update UTMP about System Boot/Shutdown.
[[0;32m  OK  [0m] Listening on Load/Save RF Kill Switch Status /dev/rfkill Watch.
[[0;32m  OK  [0m] Started LSB: AppArmor initialization.
[   26.097990] cloud-init[452]: Cloud-init v. 17.1 running 'init-local' at Thu, 18 Jan 2018 00:10:11 +0000. Up 25.46 seconds.
[[0;32m  OK  [0m] Started Initial cloud-init job (pre-networking).
[[0;32m  OK  [0m] Reached target Network (Pre).
         Starting Raise network interfaces...
[[0;32m  OK  [0m] Started ifup for enp0s3.
[[0;32m  OK  [0m] Started Raise network interfaces.
         Starting Initial cloud-init job (metadata service crawler)...
[[0;32m  OK  [0m] Reached target Network.
[   28.207928] cloud-init[964]: Cloud-init v. 17.1 running 'init' at Thu, 18 Jan 2018 00:10:12 +0000. Up 27.16 seconds.
[   28.337005] [cloud-init[0;32m  OK  [0m[964]: ] ci-info: +++++++++++++++++++++++++++++++++++++Net device info++++++++++++++++++++++++++++++++++++++Started Initial cloud-init job (metadata service crawler).

[   28.337914] cloud-init[964]: ci-info: +--------+------+----------------------------+---------------+-------+-------------------+
[[0;32m  OK  [0m] Reached target Network is Online.
[   28.600888] cloud-init[964]: ci-info: | Device |  Up  |          Address           |      Mask     | Scope |     Hw-Address    |
[   28.784691]          cloud-initStarting iSCSI initiator daemon (iscsid)...[964]: 
ci-info: +--------+------+----------------------------+---------------+-------+-------------------+
[[0;32m  OK  [0m] Reached target Cloud-config availability.
[[0;32m  OK  [0m] Reached target System Initialization.
[[0;32m  OK  [0m] Listening on UUID daemon activation socket.
[   28.785100] cloud-init[964]: ci-info: | enp0s3 | True |         10.0.2.15          | 255.255.255.0 |   .   | 02:63:8e:2c:ef:cd |
[   29.220700] [cloud-init[0;32m  OK  [0m[964]: ] ci-info: | enp0s3 | True | fe80::63:8eff:fe2c:efcd/64 |       .       |  link | 02:63:8e:2c:ef:cd |Started Daily apt download activities.

[   29.221204] [cloud-init[0;32m  OK  [0m[964]: ] ci-info: |   lo   | True |         127.0.0.1          |   255.0.0.0   |   .   |         .         |Started Daily Cleanup of Temporary Directories.

[   29.605425]          cloud-initStarting LXD - unix socket.[964]: 
ci-info: |   lo   | True |          ::1/128           |       .       |  host |         .         |
[   29.740877] [cloud-init[0;32m  OK  [0m[964]: ] ci-info: +--------+------+----------------------------+---------------+-------+-------------------+Listening on D-Bus System Message Bus Socket.

         Starting Socket activation for snappy daemon.
[[0;32m  OK  [0m] Listening on ACPID Listen Socket.
[   29.741479] cloud-init[964]: ci-info: +++++++++++++++++++++++++++Route IPv4 info++++++++++++++++++++++++++++
[   30.160339] [cloud-init[0;32m  OK  [0m[964]: ] ci-info: +-------+-------------+----------+---------------+-----------+-------+Started Timer to automatically refresh installed snaps.

[   30.160759] [cloud-init[0;32m  OK  [0m[964]: ] ci-info: | Route | Destination | Gateway  |    Genmask    | Interface | Flags |Started Daily apt upgrade and clean activities.

[   30.476431] [cloud-init[0;32m  OK  [0m[964]: ] ci-info: +-------+-------------+----------+---------------+-----------+-------+Started ACPI Events Check.

[   30.477005] [cloud-init[0;32m  OK  [0m[964]: ] ci-info: |   0   |   0.0.0.0   | 10.0.2.2 |    0.0.0.0    |   enp0s3  |   UG  |Reached target Paths.

[   30.760498] cloud-init[964]: ci-info: |   1   |   10.0.2.0  | 0.0.0.0  | 255.255.255.0 |   enp0s3  |   U   |
[   30.848391] [cloud-init[0;32m  OK  [0m[964]: ] ci-info: +-------+-------------+----------+---------------+-----------+-------+Reached target Timers.

[[0;32m  OK  [0m] Listening on LXD - unix socket.
[[0;32m  OK  [0m] Listening on Socket activation for snappy daemon.
[[0;32m  OK  [0m] Started iSCSI initiator daemon (iscsid).
         Starting Login to default iSCSI targets...
[[0;32m  OK  [0m] Reached target Sockets.
[[0;32m  OK  [0m] Reached target Basic System.
         Starting /etc/rc.local Compatibility...
         Starting System Logging Service...
[[0;32m  OK  [0m] Started D-Bus System Message Bus.
         Starting Login Service...
         Starting Apply the settings specified in cloud-config...
         Starting OpenBSD Secure Shell server...
         Starting LSB: MD monitoring daemon...
[[0;32m  OK  [0m] Started Deferred execution scheduler.
[[0;32m  OK  [0m] Started ACPI event daemon.
         Starting LSB: Record successful boot for GRUB...
[   32.426992] cloud-init[1036]: Cloud-init v. 17.1 running 'modules:config' at Thu, 18 Jan 2018 00:10:17 +0000. Up 32.18 seconds.
         Starting Accounts Service...
[[0;32m  OK  [0m] Started Regular background program processing daemon.
[[0;32m  OK  [0m] Started Unattended Upgrades Shutdown.
         Starting Snappy daemon...
[[0;32m  OK  [0m] Started FUSE filesystem for LXC.
         Starting LXD - container startup/shutdown...
[[0;32m  OK  [0m] Started System Logging Service.
[[0;32m  OK  [0m] Started OpenBSD Secure Shell server.
[[0;32m  OK  [0m] Started /etc/rc.local Compatibility.
[[0;32m  OK  [0m] Started Apply the settings specified in cloud-config.
[[0;32m  OK  [0m] Started Login Service.
         Starting Authenticate and Authorize Users to Run Privileged Tasks...
[[0;32m  OK  [0m] Started LSB: Record successful boot for GRUB.
[[0;32m  OK  [0m] Started Login to default iSCSI targets.
[[0;32m  OK  [0m] Started LSB: MD monitoring daemon.
[[0;32m  OK  [0m] Started Authenticate and Authorize Users to Run Privileged Tasks.
[[0;32m  OK  [0m] Started Accounts Service.
[[0;32m  OK  [0m] Reached target Remote File Systems (Pre).
[[0;32m  OK  [0m] Reached target Remote File Systems.
         Starting LSB: automatic crash report generation...
         Starting LSB: VirtualBox Linux Additions...
         Starting LSB: daemon to balance interrupts for SMP systems...
         Starting Permit User Sessions...
         Starting LSB: Set the CPU Frequency Scaling governor to "ondemand"...
[[0;32m  OK  [0m] Started Permit User Sessions.
         Starting Hold until boot process finishes up...
         Starting Terminate Plymouth Boot Screen...
[[0;32m  OK  [0m] Started LSB: automatic crash report generation.
[[0;32m  OK  [0m] Started LSB: daemon to balance interrupts for SMP systems.
[[0;32m  OK  [0m] Started LSB: Set the CPU Frequency Scaling governor to "ondemand".
[[0;32m  OK  [0m] Started Hold until boot process finishes up.
[[0;32m  OK  [0m] Started Terminate Plymouth Boot Screen.
[[0;32m  OK  [0m] Started Getty on tty1.
         Starting Set console scheme...
[[0;32m  OK  [0m] Started Serial Getty on ttyS0.
[[0;32m  OK  [0m] Reached target Login Prompts.
[[0;32m  OK  [0m] Started Set console scheme.
[[0;32m  OK  [0m] Started LSB: VirtualBox Linux Additions.
[[0;32m  OK  [0m] Started Snappy daemon.
[[0;32m  OK  [0m] Started LXD - container startup/shutdown.
[[0;32m  OK  [0m] Reached target Multi-User System.
         Starting Execute cloud user/final scripts...
[[0;32m  OK  [0m] Reached target Graphical Interface.
         Starting Update UTMP about System Runlevel Changes...
[[0;32m  OK  [0m] Created slice User Slice of ubuntu.
         Starting User Manager for UID 1000...
[[0;32m  OK  [0m] Started Update UTMP about System Runlevel Changes.
[[0;32m  OK  [0m] Started Session 1 of user ubuntu.
[[0;32m  OK  [0m] Started User Manager for UID 1000.
[   37.484416] cloud-init[1190]: Cloud-init v. 17.1 running 'modules:final' at Thu, 18 Jan 2018 00:10:22 +0000. Up 37.11 seconds.
[   37.636792] cloud-init[1190]: Cloud-init v. 17.1 finished at Thu, 18 Jan 2018 00:10:23 +0000. Datasource DataSourceNoCloud [seed=/dev/sdb][dsmode=net].  Up 37.47 seconds
[[0;32m  OK  [0m] Started Execute cloud user/final scripts.
         Starting Daily apt download activities...
[[0;32m  OK  [0m] Reached target Cloud-init target.

Ubuntu 16.04.3 LTS ubuntu-xenial ttyS0

ubuntu-xenial login: [20222.914839] e1000 0000:00:03.0 enp0s3: Detected Tx Unit Hang
[20222.914839]   Tx Queue             <0>
[20222.914839]   TDH                  <4b>
[20222.914839]   TDT                  <4d>
[20222.914839]   next_to_use          <4d>
[20222.914839]   next_to_clean        <4b>
[20222.914839] buffer_info[next_to_clean]
[20222.914839]   time_stamp           <1004bf7b9>
[20222.914839]   next_to_watch        <4c>
[20222.914839]   jiffies              <1004bfa0d>
[20222.914839]   next_to_watch.status <0>
[20224.917524] e1000 0000:00:03.0 enp0s3: Detected Tx Unit Hang
[20224.917524]   Tx Queue             <0>
[20224.917524]   TDH                  <4b>
[20224.917524]   TDT                  <4d>
[20224.917524]   next_to_use          <4d>
[20224.917524]   next_to_clean        <4b>
[20224.917524] buffer_info[next_to_clean]
[20224.917524]   time_stamp           <1004bf7b9>
[20224.917524]   next_to_watch        <4c>
[20224.917524]   jiffies              <1004bfc02>
[20224.917524]   next_to_watch.status <0>
[20226.922776] e1000 0000:00:03.0 enp0s3: Detected Tx Unit Hang
[20226.922776]   Tx Queue             <0>
[20226.922776]   TDH                  <4b>
[20226.922776]   TDT                  <4d>
[20226.922776]   next_to_use          <4d>
[20226.922776]   next_to_clean        <4b>
[20226.922776] buffer_info[next_to_clean]
[20226.922776]   time_stamp           <1004bf7b9>
[20226.922776]   next_to_watch        <4c>
[20226.922776]   jiffies              <1004bfdf7>
[20226.922776]   next_to_watch.status <0>
[20227.883593] e1000 0000:00:03.0 enp0s3: Reset adapter
[38893.431749] e1000 0000:00:03.0 enp0s3: Detected Tx Unit Hang
[38893.431749]   Tx Queue             <0>
[38893.431749]   TDH                  <30>
[38893.431749]   TDT                  <32>
[38893.431749]   next_to_use          <32>
[38893.431749]   next_to_clean        <30>
[38893.431749] buffer_info[next_to_clean]
[38893.431749]   time_stamp           <1009330f0>
[38893.431749]   next_to_watch        <31>
[38893.431749]   jiffies              <1009332fb>
[38893.431749]   next_to_watch.status <0>
[38895.719995] e1000 0000:00:03.0 enp0s3: Detected Tx Unit Hang
[38895.719995]   Tx Queue             <0>
[38895.719995]   TDH                  <30>
[38895.719995]   TDT                  <32>
[38895.719995]   next_to_use          <32>
[38895.719995]   next_to_clean        <30>
[38895.719995] buffer_info[next_to_clean]
[38895.719995]   time_stamp           <1009330f0>
[38895.719995]   next_to_watch        <31>
[38895.719995]   jiffies              <100933537>
[38895.719995]   next_to_watch.status <0>
[38897.804230] e1000 0000:00:03.0 enp0s3: Detected Tx Unit Hang
[38897.804230]   Tx Queue             <0>
[38897.804230]   TDH                  <30>
[38897.804230]   TDT                  <32>
[38897.804230]   next_to_use          <32>
[38897.804230]   next_to_clean        <30>
[38897.804230] buffer_info[next_to_clean]
[38897.804230]   time_stamp           <1009330f0>
[38897.804230]   next_to_watch        <31>
[38897.804230]   jiffies              <100933740>
[38897.804230]   next_to_watch.status <0>
[38899.867425] e1000 0000:00:03.0 enp0s3: Reset adapter
